{
    "created": 1548185151.2609472,
    "duration": 0.04589128494262695,
    "exitcode": 1,
    "root": "/tmp/pytest-of-user/pytest-40/test_create_report0",
    "environment": {
        "Python": "3.7.1",
        "Platform": "Linux-1.23.45-arch1-1-ARCH-x86_64-with-arch",
        "Packages": {
            "pytest": "4.1.1",
            "py": "1.7.0",
            "pluggy": "0.8.1"
        },
        "Plugins": {
            "xdist": "1.26.0",
            "metadata": "1.8.0",
            "json-report": "0.8.0",
            "forked": "1.0.1"
        }
    },
    "summary": {
        "passed": 2,
        "failed": 3,
        "xfailed": 1,
        "xpassed": 1,
        "error": 2,
        "skipped": 1,
        "total": 10
    },
    "collectors": [
        {
            "nodeid": "",
            "outcome": "passed",
            "result": [
                {
                    "nodeid": "test_create_report.py",
                    "type": "Module"
                }
            ]
        },
        {
            "nodeid": "test_create_report.py",
            "outcome": "passed",
            "result": [
                {
                    "nodeid": "test_create_report.py::test_pass",
                    "type": "Function",
                    "lineno": 25
                },
                {
                    "nodeid": "test_create_report.py::test_fail_with_fixture",
                    "type": "Function",
                    "lineno": 28
                },
                {
                    "nodeid": "test_create_report.py::test_fail_during_teardown",
                    "type": "Function",
                    "lineno": 44
                },
                {
                    "nodeid": "test_create_report.py::test_skip",
                    "type": "Function",
                    "lineno": 47
                },
                {
                    "nodeid": "test_create_report.py::test_fail_nested",
                    "type": "Function",
                    "lineno": 51
                },
                {
                    "nodeid": "test_create_report.py::test_parametrized[1]",
                    "type": "Function",
                    "lineno": 67
                },
                {
                    "nodeid": "test_create_report.py::test_parametrized[2]",
                    "type": "Function",
                    "lineno": 67
                }
            ]
        }
    ],
    "tests": [
        {
            "nodeid": "test_create_report.py::test_fail_with_fixture",
            "lineno": 28,
            "outcome": "failed",
            "keywords": [
                "test_create_report0",
                "test_create_report.py",
                "test_fail_with_fixture"
            ],
            "setup": {
                "duration": 0.0001995563507080078,
                "outcome": "passed",
                "stdout": "setup\n",
                "stderr": "setuperr\n"
            },
            "call": {
                "duration": 0.00015997886657714844,
                "outcome": "failed",
                "crash": {
                    "path": "/tmp/pytest-of-user/pytest-40/test_create_report0/test_create_report.py",
                    "lineno": 32,
                    "message": "assert False"
                },
                "traceback": [
                    {
                        "path": "test_create_report.py",
                        "lineno": 32,
                        "message": "AssertionError"
                    }
                ],
                "stdout": "call\n",
                "stderr": "callerr\n",
                "longrepr": "setup_teardown_fixture = None\n\n    def test_fail_with_fixture(setup_teardown_fixture):\n        print('call')\n        print('callerr', file=sys.stderr)\n>       assert False\nE       assert False\n\ntest_create_report.py:32: AssertionError"
            },
            "teardown": {
                "duration": 0.00015306472778320312,
                "outcome": "passed",
                "stdout": "teardown\n",
                "stderr": "teardownerr\n"
            }
        },
        {
            "nodeid": "test_create_report.py::test_skip",
            "lineno": 47,
            "outcome": "skipped",
            "keywords": [
                "skipif",
                "test_create_report0",
                "test_create_report.py",
                "pytestmark",
                "test_skip"
            ],
            "setup": {
                "duration": 9.298324584960938e-05,
                "outcome": "skipped",
                "longrepr": "('test_create_report.py', 47, 'Skipped: testing skip')"
            },
            "teardown": {
                "duration": 9.393692016601562e-05,
                "outcome": "passed"
            }
        },
        {
            "nodeid": "test_create_report.py::test_parametrized[2]",
            "lineno": 67,
            "outcome": "failed",
            "keywords": [
                "2",
                "test_create_report0",
                "test_create_report.py",
                "pytestmark",
                "parametrize",
                "test_parametrized[2]"
            ],
            "setup": {
                "duration": 0.0001544952392578125,
                "outcome": "passed"
            },
            "call": {
                "duration": 0.00020122528076171875,
                "outcome": "failed",
                "crash": {
                    "path": "/tmp/pytest-of-user/pytest-40/test_create_report0/test_create_report.py",
                    "lineno": 70,
                    "message": "assert 2 == 1"
                },
                "traceback": [
                    {
                        "path": "test_create_report.py",
                        "lineno": 70,
                        "message": "AssertionError"
                    }
                ],
                "longrepr": "x = 2\n\n    @pytest.mark.parametrize('x', [1, 2])\n    def test_parametrized(x):\n>       assert x == 1\nE       assert 2 == 1\n\ntest_create_report.py:70: AssertionError"
            },
            "teardown": {
                "duration": 0.00012826919555664062,
                "outcome": "passed"
            }
        }
    ]
}
